\BOOKMARK [0][-]{chapter.1}{Introduction to neural networks}{}% 1
\BOOKMARK [1][-]{section.1.1}{High Level View}{chapter.1}% 2
\BOOKMARK [2][-]{subsection.1.1.1}{The steps}{section.1.1}% 3
\BOOKMARK [2][-]{subsection.1.1.2}{Summary}{section.1.1}% 4
\BOOKMARK [1][-]{section.1.2}{Multivariable Linear Regression}{chapter.1}% 5
\BOOKMARK [2][-]{subsection.1.2.1}{Forward Propagation}{section.1.2}% 6
\BOOKMARK [2][-]{subsection.1.2.2}{Backward Propagation}{section.1.2}% 7
\BOOKMARK [2][-]{subsection.1.2.3}{Many features and samples}{section.1.2}% 8
\BOOKMARK [1][-]{section.1.3}{Mulvariate Binary Regression}{chapter.1}% 9
\BOOKMARK [2][-]{subsection.1.3.1}{Forward Propagation}{section.1.3}% 10
\BOOKMARK [2][-]{subsection.1.3.2}{Backward propagation}{section.1.3}% 11
\BOOKMARK [1][-]{section.1.4}{Results}{chapter.1}% 12
\BOOKMARK [2][-]{subsection.1.4.1}{Interesting}{section.1.4}% 13
\BOOKMARK [0][-]{chapter.2}{More complex networks}{}% 14
\BOOKMARK [1][-]{section.2.1}{Multiclass Network}{chapter.2}% 15
\BOOKMARK [1][-]{section.2.2}{Shallow Neural Network}{chapter.2}% 16
\BOOKMARK [2][-]{subsection.2.2.1}{Forward Propagation}{section.2.2}% 17
\BOOKMARK [2][-]{subsection.2.2.2}{Implement Forward Propagation}{section.2.2}% 18
\BOOKMARK [0][-]{chapter.3}{Deep Networks}{}% 19
\BOOKMARK [0][-]{chapter.4}{Concepts}{}% 20
\BOOKMARK [1][-]{section.4.1}{Related Concepts}{chapter.4}% 21
\BOOKMARK [0][-]{chapter.5}{Figures}{}% 22
\BOOKMARK [1][-]{section.5.1}{Figures}{chapter.5}% 23
